<?xml version="1.0" encoding="UTF-8"?>
<testsuite xmlns:xsi="http://www.w3.org/2001/XMLSchema-instance" xsi:noNamespaceSchemaLocation="https://maven.apache.org/surefire/maven-surefire-plugin/xsd/surefire-test-report.xsd" name="com.lzj.demo.dao.CardDaoTest" time="11.378" tests="5" errors="0" skipped="0" failures="2">
  <properties>
[...]
</properties>
  <testcase name="queryCard" classname="com.lzj.demo.dao.CardDaoTest" time="6.04">
    <failure message="expected: &lt;1&gt; but was: &lt;0&gt;" type="org.opentest4j.AssertionFailedError"><![CDATA[org.opentest4j.AssertionFailedError: expected: <1> but was: <0>
	at com.lzj.demo.dao.CardDaoTest.queryCard(CardDaoTest.java:48)
]]></failure>
    <system-out><![CDATA[23:12:10.626 [main] DEBUG org.springframework.test.context.BootstrapUtils - Instantiating CacheAwareContextLoaderDelegate from class [org.springframework.test.context.cache.DefaultCacheAwareContextLoaderDelegate]
23:12:10.647 [main] DEBUG org.springframework.test.context.BootstrapUtils - Instantiating BootstrapContext using constructor [public org.springframework.test.context.support.DefaultBootstrapContext(java.lang.Class,org.springframework.test.context.CacheAwareContextLoaderDelegate)]
23:12:10.717 [main] DEBUG org.springframework.test.context.BootstrapUtils - Instantiating TestContextBootstrapper for test class [com.lzj.demo.dao.CardDaoTest] from class [org.springframework.boot.test.context.SpringBootTestContextBootstrapper]
23:12:10.739 [main] INFO org.springframework.boot.test.context.SpringBootTestContextBootstrapper - Neither @ContextConfiguration nor @ContextHierarchy found for test class [com.lzj.demo.dao.CardDaoTest], using SpringBootContextLoader
23:12:10.746 [main] DEBUG org.springframework.test.context.support.AbstractContextLoader - Did not detect default resource location for test class [com.lzj.demo.dao.CardDaoTest]: class path resource [com/lzj/demo/dao/CardDaoTest-context.xml] does not exist
23:12:10.747 [main] DEBUG org.springframework.test.context.support.AbstractContextLoader - Did not detect default resource location for test class [com.lzj.demo.dao.CardDaoTest]: class path resource [com/lzj/demo/dao/CardDaoTestContext.groovy] does not exist
23:12:10.747 [main] INFO org.springframework.test.context.support.AbstractContextLoader - Could not detect default resource locations for test class [com.lzj.demo.dao.CardDaoTest]: no resource found for suffixes {-context.xml, Context.groovy}.
23:12:10.748 [main] INFO org.springframework.test.context.support.AnnotationConfigContextLoaderUtils - Could not detect default configuration classes for test class [com.lzj.demo.dao.CardDaoTest]: CardDaoTest does not declare any static, non-private, non-final, nested classes annotated with @Configuration.
23:12:10.818 [main] DEBUG org.springframework.test.context.support.ActiveProfilesUtils - Could not find an 'annotation declaring class' for annotation type [org.springframework.test.context.ActiveProfiles] and class [com.lzj.demo.dao.CardDaoTest]
23:12:10.931 [main] DEBUG org.springframework.context.annotation.ClassPathScanningCandidateComponentProvider - Identified candidate component class: file [C:\Users\林子键\F-Card\mubang\target\classes\com\lzj\demo\DemoApplication.class]
23:12:10.933 [main] INFO org.springframework.boot.test.context.SpringBootTestContextBootstrapper - Found @SpringBootConfiguration com.lzj.demo.DemoApplication for test class com.lzj.demo.dao.CardDaoTest
23:12:11.096 [main] DEBUG org.springframework.boot.test.context.SpringBootTestContextBootstrapper - @TestExecutionListeners is not present for class [com.lzj.demo.dao.CardDaoTest]: using defaults.
23:12:11.097 [main] INFO org.springframework.boot.test.context.SpringBootTestContextBootstrapper - Loaded default TestExecutionListener class names from location [META-INF/spring.factories]: [org.springframework.boot.test.mock.mockito.MockitoTestExecutionListener, org.springframework.boot.test.mock.mockito.ResetMocksTestExecutionListener, org.springframework.boot.test.autoconfigure.restdocs.RestDocsTestExecutionListener, org.springframework.boot.test.autoconfigure.web.client.MockRestServiceServerResetTestExecutionListener, org.springframework.boot.test.autoconfigure.web.servlet.MockMvcPrintOnlyOnFailureTestExecutionListener, org.springframework.boot.test.autoconfigure.web.servlet.WebDriverTestExecutionListener, org.springframework.boot.test.autoconfigure.webservices.client.MockWebServiceServerTestExecutionListener, org.springframework.test.context.web.ServletTestExecutionListener, org.springframework.test.context.support.DirtiesContextBeforeModesTestExecutionListener, org.springframework.test.context.event.ApplicationEventsTestExecutionListener, org.springframework.test.context.support.DependencyInjectionTestExecutionListener, org.springframework.test.context.support.DirtiesContextTestExecutionListener, org.springframework.test.context.transaction.TransactionalTestExecutionListener, org.springframework.test.context.jdbc.SqlScriptsTestExecutionListener, org.springframework.test.context.event.EventPublishingTestExecutionListener]
23:12:11.123 [main] INFO org.springframework.boot.test.context.SpringBootTestContextBootstrapper - Using TestExecutionListeners: [org.springframework.test.context.web.ServletTestExecutionListener@55de24cc, org.springframework.test.context.support.DirtiesContextBeforeModesTestExecutionListener@dc7df28, org.springframework.test.context.event.ApplicationEventsTestExecutionListener@30f842ca, org.springframework.boot.test.mock.mockito.MockitoTestExecutionListener@69c81773, org.springframework.boot.test.autoconfigure.SpringBootDependencyInjectionTestExecutionListener@4d14b6c2, org.springframework.test.context.support.DirtiesContextTestExecutionListener@7e990ed7, org.springframework.test.context.transaction.TransactionalTestExecutionListener@c05fddc, org.springframework.test.context.jdbc.SqlScriptsTestExecutionListener@25df00a0, org.springframework.test.context.event.EventPublishingTestExecutionListener@4d15107f, org.springframework.boot.test.mock.mockito.ResetMocksTestExecutionListener@7b4c50bc, org.springframework.boot.test.autoconfigure.restdocs.RestDocsTestExecutionListener@5884a914, org.springframework.boot.test.autoconfigure.web.client.MockRestServiceServerResetTestExecutionListener@50378a4, org.springframework.boot.test.autoconfigure.web.servlet.MockMvcPrintOnlyOnFailureTestExecutionListener@60f00693, org.springframework.boot.test.autoconfigure.web.servlet.WebDriverTestExecutionListener@79207381, org.springframework.boot.test.autoconfigure.webservices.client.MockWebServiceServerTestExecutionListener@491b9b8]
23:12:11.130 [main] DEBUG org.springframework.test.context.support.AbstractDirtiesContextTestExecutionListener - Before test class: context [DefaultTestContext@20b2475a testClass = CardDaoTest, testInstance = [null], testMethod = [null], testException = [null], mergedContextConfiguration = [WebMergedContextConfiguration@7857fe2 testClass = CardDaoTest, locations = '{}', classes = '{class com.lzj.demo.DemoApplication}', contextInitializerClasses = '[]', activeProfiles = '{}', propertySourceLocations = '{}', propertySourceProperties = '{org.springframework.boot.test.context.SpringBootTestContextBootstrapper=true}', contextCustomizers = set[org.springframework.boot.test.context.filter.ExcludeFilterContextCustomizer@6302bbb1, org.springframework.boot.test.json.DuplicateJsonObjectContextCustomizerFactory$DuplicateJsonObjectContextCustomizer@6f1de4c7, org.springframework.boot.test.mock.mockito.MockitoContextCustomizer@0, org.springframework.boot.test.web.client.TestRestTemplateContextCustomizer@78691363, org.springframework.boot.test.autoconfigure.actuate.metrics.MetricsExportContextCustomizerFactory$DisableMetricExportContextCustomizer@5fe94a96, org.springframework.boot.test.autoconfigure.properties.PropertyMappingContextCustomizer@0, org.springframework.boot.test.autoconfigure.web.servlet.WebDriverContextCustomizerFactory$Customizer@22555ebf, org.springframework.boot.test.context.SpringBootTestArgs@1, org.springframework.boot.test.context.SpringBootTestWebEnvironment@6093dd95], resourceBasePath = 'src/main/webapp', contextLoader = 'org.springframework.boot.test.context.SpringBootContextLoader', parent = [null]], attributes = map['org.springframework.test.context.web.ServletTestExecutionListener.activateListener' -> true]], class annotated with @DirtiesContext [false] with mode [null].

  .   ____          _            __ _ _
 /\\ / ___'_ __ _ _(_)_ __  __ _ \ \ \ \
( ( )\___ | '_ | '_| | '_ \/ _` | \ \ \ \
 \\/  ___)| |_)| | | | | || (_| |  ) ) ) )
  '  |____| .__|_| |_|_| |_\__, | / / / /
 =========|_|==============|___/=/_/_/_/
 :: Spring Boot ::                (v2.7.4)

2022-11-11 23:12:11.695  INFO 29708 --- [           main] com.lzj.demo.dao.CardDaoTest             : Starting CardDaoTest using Java 1.8.0_131 on LAPTOP-RKAEA0LV with PID 29708 (started by 林子键 in C:\Users\林子键\F-Card\mubang)
2022-11-11 23:12:11.696  INFO 29708 --- [           main] com.lzj.demo.dao.CardDaoTest             : No active profile set, falling back to 1 default profile: "default"
2022-11-11 23:12:15.424  INFO 29708 --- [           main] com.lzj.demo.dao.CardDaoTest             : Started CardDaoTest in 4.225 seconds (JVM running for 5.696)
2022-11-11 23:12:21.426  INFO 29708 --- [           main] com.alibaba.druid.pool.DruidDataSource   : {dataSource-1} inited
]]></system-out>
    <system-err><![CDATA[log4j:WARN No appenders could be found for logger (druid.sql.Connection).
log4j:WARN Please initialize the log4j system properly.
log4j:WARN See http://logging.apache.org/log4j/1.2/faq.html#noconfig for more info.
]]></system-err>
  </testcase>
  <testcase name="updateCard" classname="com.lzj.demo.dao.CardDaoTest" time="0.106">
    <failure message="expected: &lt;1&gt; but was: &lt;0&gt;" type="org.opentest4j.AssertionFailedError"><![CDATA[org.opentest4j.AssertionFailedError: expected: <1> but was: <0>
	at com.lzj.demo.dao.CardDaoTest.updateCard(CardDaoTest.java:84)
]]></failure>
  </testcase>
  <testcase name="insertCard" classname="com.lzj.demo.dao.CardDaoTest" time="0.158"/>
  <testcase name="queryCardByName" classname="com.lzj.demo.dao.CardDaoTest" time="0.01"/>
  <testcase name="deleteCard" classname="com.lzj.demo.dao.CardDaoTest" time="0.009"/>
</testsuite>